[2019-04-13 12:28:11] tourbuzz-frontend.ERROR: Error response from tourbuzz API {"method":"GET","uri":"berichten/js/locationpicker/locationpicker.jquery.min.js.map","status_code":500} []
[2019-04-13 12:31:39] tourbuzz-frontend.ERROR: Error response from tourbuzz API {"method":"GET","uri":"haltes","status_code":500} []
[2019-04-13 12:31:39] tourbuzz-frontend.ERROR: Error response from tourbuzz API {"method":"GET","uri":"parkeerplaatsen","status_code":500} []
[2019-04-13 12:31:40] tourbuzz-frontend.ERROR: Error response from tourbuzz API {"method":"GET","uri":"berichten/js/locationpicker/locationpicker.jquery.min.js.map","status_code":500} []
[2020-04-12 15:40:32] tourbuzz-frontend.ERROR: Error response from tourbuzz API {"method":"GET","uri":"berichten/async/poi-search/dam","status_code":500} []
[2020-04-12 15:40:58] tourbuzz-frontend.ERROR: Error response from tourbuzz API {"method":"GET","uri":"berichten/async/poi-search/adiraan","status_code":500} []
[2020-04-12 15:41:27] tourbuzz-frontend.ERROR: Exception while loading info from tourbuzz API {"exception":"GuzzleHttp\\Exception\\ConnectException","message":"cURL error 35: Unknown SSL protocol error in connection to api.tourbuzz.nl:443  (see http://curl.haxx.se/libcurl/c/libcurl-errors.html)","code":0,"line":185,"file":"/Applications/MAMP/htdocs/Tourbuzz-public-adam/tourbuzz/vendor/guzzlehttp/guzzle/src/Handler/CurlFactory.php"} []
[2020-04-12 15:41:27] tourbuzz-frontend.ERROR: Error response from tourbuzz API {"method":"GET","uri":"berichten/async/poi-search/adiraan","status_code":500} []
[2020-04-12 15:41:48] tourbuzz-frontend.ERROR: Error response from tourbuzz API {"method":"GET","uri":"berichten/async/poi-search/adiraan","status_code":500} []
[2020-04-12 15:41:50] tourbuzz-frontend.ERROR: Error response from tourbuzz API {"method":"GET","uri":"berichten/async/poi-search/adiraan","status_code":500} []
[2020-04-12 15:41:50] tourbuzz-frontend.ERROR: Error response from tourbuzz API {"method":"GET","uri":"berichten/async/poi-search/adiraan","status_code":500} []
[2020-04-12 15:42:10] tourbuzz-frontend.ERROR: Error response from tourbuzz API {"method":"GET","uri":"berichten/async/poi-search/adiraan","status_code":500} []
[2020-04-12 15:42:11] tourbuzz-frontend.ERROR: Error response from tourbuzz API {"method":"GET","uri":"berichten/async/poi-search/adiraan","status_code":500} []
[2020-04-12 15:42:12] tourbuzz-frontend.ERROR: Error response from tourbuzz API {"method":"GET","uri":"berichten/async/poi-search/adiraan","status_code":500} []
[2020-04-12 15:42:40] tourbuzz-frontend.ERROR: Error response from tourbuzz API {"method":"GET","uri":"berichten/async/poi-search/adiraan","status_code":500} []
[2020-04-12 15:42:42] tourbuzz-frontend.ERROR: Error response from tourbuzz API {"method":"GET","uri":"berichten/async/poi-search/adiraan","status_code":500} []
[2020-04-12 15:42:43] tourbuzz-frontend.ERROR: Error response from tourbuzz API {"method":"GET","uri":"berichten/async/poi-search/adiraan","status_code":500} []
[2020-04-12 15:43:17] tourbuzz-frontend.ERROR: Error response from tourbuzz API {"method":"GET","uri":"berichten/async/poi-search/adiraan","status_code":500} []
[2020-04-12 15:43:20] tourbuzz-frontend.ERROR: Error response from tourbuzz API {"method":"GET","uri":"berichten/async/poi-search/adiraan","status_code":500} []
[2020-04-12 15:43:21] tourbuzz-frontend.ERROR: Error response from tourbuzz API {"method":"GET","uri":"berichten/async/poi-search/adiraan","status_code":500} []
[2020-04-12 15:43:31] tourbuzz-frontend.ERROR: Error response from tourbuzz API {"method":"GET","uri":"berichten/wasync/poi-search/adiraan","status_code":500} []
[2020-04-12 15:43:33] tourbuzz-frontend.ERROR: Error response from tourbuzz API {"method":"GET","uri":"berichten/wasync/poi-search/adiraan","status_code":500} []
[2020-04-12 15:43:33] tourbuzz-frontend.ERROR: Error response from tourbuzz API {"method":"GET","uri":"berichten/wasync/poi-search/adiraan","status_code":500} []
